[handleMsg]:  {
  key: {
    remoteJid: '573192184584@s.whatsapp.net',
    fromMe: false,
    id: '081DC3E2105C3E98936AE116527BA0ED',
    participant: undefined
  },
  messageTimestamp: 1743309722,
  pushName: 'Mayrita',
  broadcast: false,
  message: Message {
    conversation: 'Hola',
    messageContextInfo: MessageContextInfo {
      deviceListMetadata: [DeviceListMetadata],
      deviceListMetadataVersion: 2,
      messageSecret: [Uint8Array]
    }
  },
  body: 'Hola',
  from: '573192184584'
}
[QUEUE_SE_ENVIO]:  {
  ref: 'ans_57b5f3b9-7c02-4cb7-ad03-cd4cf469c658',
  keyword: 'key_37dd0712-4b43-49ea-9d41-921a066f7c12',
  answer: '__call_action__',
  options: {
    media: null,
    buttons: [],
    capture: false,
    child: null,
    delay: 0,
    idle: null,
    ref: null,
    nested: [],
    keyword: {},
    callback: true
  },
  refSerialize: '0be8ecffd6bc97ded1ed47691a6bc6e7'
}
[QUEUE_SE_ENVIO]:  {
  ref: 'ans_0a73a088-2755-4c5e-9b9b-27efea4f20b6',
  keyword: 'ans_57b5f3b9-7c02-4cb7-ad03-cd4cf469c658',
  answer: '__call_action__',
  options: {
    media: null,
    buttons: [],
    capture: false,
    child: null,
    delay: 0,
    idle: null,
    ref: null,
    nested: [],
    keyword: {},
    callback: true
  },
  refSerialize: '7f371d6a8aac989f30a99533e4404b31'
}
[handleMsg]:  {
  key: {
    remoteJid: '573192184584@s.whatsapp.net',
    fromMe: false,
    id: '1662D10E2C80A04F69A1698D251F2197',
    participant: undefined
  },
  messageTimestamp: 1743309730,
  pushName: 'Mayrita',
  broadcast: false,
  message: Message {
    conversation: 'Como estas',
    messageContextInfo: MessageContextInfo {
      deviceListMetadata: [DeviceListMetadata],
      deviceListMetadataVersion: 2,
      messageSecret: [Uint8Array]
    }
  },
  body: 'Como estas',
  from: '573192184584'
}
[QUEUE_SE_ENVIO]:  {
  ref: 'ans_556e9ac3-78b5-42ad-b11d-998dbe697d1e',
  keyword: 'key_59fde0f3-8c25-4679-8e49-06e9c023943b',
  answer: '__capture_only_intended__',
  options: {
    media: null,
    buttons: [],
    capture: true,
    child: null,
    delay: 0,
    idle: null,
    ref: null,
    nested: [],
    keyword: {},
    callback: true
  },
  refSerialize: 'e5ae2603a2aeba12a1e703b3e63f9edf'
}
[handleMsg]:  {
  key: {
    remoteJid: '573192184584@s.whatsapp.net',
    fromMe: false,
    id: 'FE2C233B5964575EF9071A1CD52E51FC',
    participant: undefined
  },
  messageTimestamp: 1743309752,
  pushName: 'Mayrita',
  broadcast: false,
  message: Message {
    conversation: 'Estas bien',
    messageContextInfo: MessageContextInfo {
      deviceListMetadata: [DeviceListMetadata],
      deviceListMetadataVersion: 2,
      messageSecret: [Uint8Array]
    }
  },
  body: 'Estas bien',
  from: '573192184584'
}
[QUEUE_SE_ENVIO]:  {
  ref: 'ans_556e9ac3-78b5-42ad-b11d-998dbe697d1e',
  keyword: 'key_59fde0f3-8c25-4679-8e49-06e9c023943b',
  answer: '__capture_only_intended__',
  options: {
    media: null,
    buttons: [],
    capture: true,
    child: null,
    delay: 0,
    idle: null,
    ref: null,
    nested: [],
    keyword: {},
    callback: true
  },
  refSerialize: 'e5ae2603a2aeba12a1e703b3e63f9edf'
}
